2023-04-25 10:17:38.121  INFO 7032 --- [Test worker] .EmployeeManagmentSystemApplicationTests : Starting EmployeeManagmentSystemApplicationTests using Java 17.0.6 on DESKTOP-BPNARK5 with PID 7032 (started by Naresh in C:\Users\Lenovo\Desktop\CapstoneProject\employee-managment-system)
2023-04-25 10:17:38.149  INFO 7032 --- [Test worker] .EmployeeManagmentSystemApplicationTests : No active profile set, falling back to 1 default profile: "default"
2023-04-25 10:17:40.558  INFO 7032 --- [Test worker] .s.d.r.c.RepositoryConfigurationDelegate : Bootstrapping Spring Data JPA repositories in DEFAULT mode.
2023-04-25 10:17:41.012  INFO 7032 --- [Test worker] .s.d.r.c.RepositoryConfigurationDelegate : Finished Spring Data repository scanning in 431 ms. Found 1 JPA repository interfaces.
2023-04-25 10:17:41.910  INFO 7032 --- [Test worker] trationDelegate$BeanPostProcessorChecker : Bean 'org.springframework.ws.config.annotation.DelegatingWsConfiguration' of type [org.springframework.ws.config.annotation.DelegatingWsConfiguration$$EnhancerBySpringCGLIB$$2f968f2f] is not eligible for getting processed by all BeanPostProcessors (for example: not eligible for auto-proxying)
2023-04-25 10:17:42.096  INFO 7032 --- [Test worker] .w.s.a.s.AnnotationActionEndpointMapping : Supporting [WS-Addressing August 2004, WS-Addressing 1.0]
2023-04-25 10:17:42.906  INFO 7032 --- [Test worker] o.hibernate.jpa.internal.util.LogHelper  : HHH000204: Processing PersistenceUnitInfo [name: default]
2023-04-25 10:17:43.074  INFO 7032 --- [Test worker] org.hibernate.Version                    : HHH000412: Hibernate ORM core version 5.6.15.Final
2023-04-25 10:17:43.547  INFO 7032 --- [Test worker] o.hibernate.annotations.common.Version   : HCANN000001: Hibernate Commons Annotations {5.1.2.Final}
2023-04-25 10:17:43.858  INFO 7032 --- [Test worker] com.zaxxer.hikari.HikariDataSource       : HikariPool-1 - Starting...
2023-04-25 10:17:44.742  INFO 7032 --- [Test worker] com.zaxxer.hikari.HikariDataSource       : HikariPool-1 - Start completed.
2023-04-25 10:17:44.836  INFO 7032 --- [Test worker] org.hibernate.dialect.Dialect            : HHH000400: Using dialect: org.hibernate.dialect.MySQL8Dialect
2023-04-25 10:17:46.518  INFO 7032 --- [Test worker] o.h.e.t.j.p.i.JtaPlatformInitiator       : HHH000490: Using JtaPlatform implementation: [org.hibernate.engine.transaction.jta.platform.internal.NoJtaPlatform]
2023-04-25 10:17:46.545  INFO 7032 --- [Test worker] j.LocalContainerEntityManagerFactoryBean : Initialized JPA EntityManagerFactory for persistence unit 'default'
2023-04-25 10:17:48.478  WARN 7032 --- [Test worker] JpaBaseConfiguration$JpaWebConfiguration : spring.jpa.open-in-view is enabled by default. Therefore, database queries may be performed during view rendering. Explicitly configure spring.jpa.open-in-view to disable this warning
2023-04-25 10:17:55.088  INFO 7032 --- [Test worker] .EmployeeManagmentSystemApplicationTests : Started EmployeeManagmentSystemApplicationTests in 17.705 seconds (JVM running for 21.012)
2023-04-25 10:17:56.107  INFO 7032 --- [Test worker] .b.t.c.SpringBootTestContextBootstrapper : Neither @ContextConfiguration nor @ContextHierarchy found for test class [com.hdfc.ems.project.service.EmployeeServiceImplTest], using SpringBootContextLoader
2023-04-25 10:17:56.132  INFO 7032 --- [Test worker] o.s.t.c.support.AbstractContextLoader    : Could not detect default resource locations for test class [com.hdfc.ems.project.service.EmployeeServiceImplTest]: no resource found for suffixes {-context.xml, Context.groovy}.
2023-04-25 10:17:56.133  INFO 7032 --- [Test worker] t.c.s.AnnotationConfigContextLoaderUtils : Could not detect default configuration classes for test class [com.hdfc.ems.project.service.EmployeeServiceImplTest]: EmployeeServiceImplTest does not declare any static, non-private, non-final, nested classes annotated with @Configuration.
2023-04-25 10:17:56.166  INFO 7032 --- [Test worker] .b.t.c.SpringBootTestContextBootstrapper : Found @SpringBootConfiguration com.hdfc.ems.project.EmployeeManagmentSystemApplication for test class com.hdfc.ems.project.service.EmployeeServiceImplTest
2023-04-25 10:17:56.168  INFO 7032 --- [Test worker] .b.t.c.SpringBootTestContextBootstrapper : Loaded default TestExecutionListener class names from location [META-INF/spring.factories]: [org.springframework.boot.test.autoconfigure.restdocs.RestDocsTestExecutionListener, org.springframework.boot.test.autoconfigure.web.client.MockRestServiceServerResetTestExecutionListener, org.springframework.boot.test.autoconfigure.web.servlet.MockMvcPrintOnlyOnFailureTestExecutionListener, org.springframework.boot.test.autoconfigure.web.servlet.WebDriverTestExecutionListener, org.springframework.boot.test.autoconfigure.webservices.client.MockWebServiceServerTestExecutionListener, org.springframework.boot.test.mock.mockito.MockitoTestExecutionListener, org.springframework.boot.test.mock.mockito.ResetMocksTestExecutionListener, org.springframework.test.context.web.ServletTestExecutionListener, org.springframework.test.context.support.DirtiesContextBeforeModesTestExecutionListener, org.springframework.test.context.event.ApplicationEventsTestExecutionListener, org.springframework.test.context.support.DependencyInjectionTestExecutionListener, org.springframework.test.context.support.DirtiesContextTestExecutionListener, org.springframework.test.context.transaction.TransactionalTestExecutionListener, org.springframework.test.context.jdbc.SqlScriptsTestExecutionListener, org.springframework.test.context.event.EventPublishingTestExecutionListener]
2023-04-25 10:17:56.181  INFO 7032 --- [Test worker] .b.t.c.SpringBootTestContextBootstrapper : Using TestExecutionListeners: [org.springframework.test.context.web.ServletTestExecutionListener@5cdf2c83, org.springframework.test.context.support.DirtiesContextBeforeModesTestExecutionListener@30e734a1, org.springframework.test.context.event.ApplicationEventsTestExecutionListener@44b99467, org.springframework.boot.test.mock.mockito.MockitoTestExecutionListener@124b8fe9, org.springframework.boot.test.autoconfigure.SpringBootDependencyInjectionTestExecutionListener@37d50217, org.springframework.test.context.support.DirtiesContextTestExecutionListener@3e9e7a70, org.springframework.test.context.transaction.TransactionalTestExecutionListener@360ccb68, org.springframework.test.context.jdbc.SqlScriptsTestExecutionListener@78762e87, org.springframework.test.context.event.EventPublishingTestExecutionListener@672c4e24, org.springframework.boot.test.autoconfigure.restdocs.RestDocsTestExecutionListener@2aacf54b, org.springframework.boot.test.autoconfigure.web.client.MockRestServiceServerResetTestExecutionListener@7a2b3cfd, org.springframework.boot.test.autoconfigure.web.servlet.MockMvcPrintOnlyOnFailureTestExecutionListener@33602729, org.springframework.boot.test.autoconfigure.web.servlet.WebDriverTestExecutionListener@3638120f, org.springframework.boot.test.autoconfigure.webservices.client.MockWebServiceServerTestExecutionListener@7bf3bf2e, org.springframework.boot.test.mock.mockito.ResetMocksTestExecutionListener@581cb879]
2023-04-25 10:17:56.622  INFO 7032 --- [SpringApplicationShutdownHook] j.LocalContainerEntityManagerFactoryBean : Closing JPA EntityManagerFactory for persistence unit 'default'
2023-04-25 10:17:56.627  INFO 7032 --- [SpringApplicationShutdownHook] com.zaxxer.hikari.HikariDataSource       : HikariPool-1 - Shutdown initiated...
2023-04-25 10:17:56.651  INFO 7032 --- [SpringApplicationShutdownHook] com.zaxxer.hikari.HikariDataSource       : HikariPool-1 - Shutdown completed.
2023-04-25 10:48:45.835  INFO 11816 --- [restartedMain] h.e.p.EmployeeManagmentSystemApplication : Starting EmployeeManagmentSystemApplication using Java 17.0.6 on DESKTOP-BPNARK5 with PID 11816 (C:\Users\Lenovo\Desktop\CapstoneProject\employee-managment-system\bin\main started by Naresh in C:\Users\Lenovo\Desktop\CapstoneProject\employee-managment-system)
2023-04-25 10:48:45.838  INFO 11816 --- [restartedMain] h.e.p.EmployeeManagmentSystemApplication : No active profile set, falling back to 1 default profile: "default"
2023-04-25 10:48:45.966  INFO 11816 --- [restartedMain] .e.DevToolsPropertyDefaultsPostProcessor : Devtools property defaults active! Set 'spring.devtools.add-properties' to 'false' to disable
2023-04-25 10:48:45.967  INFO 11816 --- [restartedMain] .e.DevToolsPropertyDefaultsPostProcessor : For additional web related logging consider setting the 'logging.level.web' property to 'DEBUG'
2023-04-25 10:48:47.208  INFO 11816 --- [restartedMain] .s.d.r.c.RepositoryConfigurationDelegate : Bootstrapping Spring Data JPA repositories in DEFAULT mode.
2023-04-25 10:48:47.416  INFO 11816 --- [restartedMain] .s.d.r.c.RepositoryConfigurationDelegate : Finished Spring Data repository scanning in 194 ms. Found 1 JPA repository interfaces.
2023-04-25 10:48:47.937  INFO 11816 --- [restartedMain] trationDelegate$BeanPostProcessorChecker : Bean 'org.springframework.ws.config.annotation.DelegatingWsConfiguration' of type [org.springframework.ws.config.annotation.DelegatingWsConfiguration$$EnhancerBySpringCGLIB$$12d34022] is not eligible for getting processed by all BeanPostProcessors (for example: not eligible for auto-proxying)
2023-04-25 10:48:48.046  INFO 11816 --- [restartedMain] .w.s.a.s.AnnotationActionEndpointMapping : Supporting [WS-Addressing August 2004, WS-Addressing 1.0]
2023-04-25 10:48:48.599  INFO 11816 --- [restartedMain] o.s.b.w.embedded.tomcat.TomcatWebServer  : Tomcat initialized with port(s): 8484 (https)
2023-04-25 10:48:48.625  INFO 11816 --- [restartedMain] o.apache.catalina.core.StandardService   : Starting service [Tomcat]
2023-04-25 10:48:48.625  INFO 11816 --- [restartedMain] org.apache.catalina.core.StandardEngine  : Starting Servlet engine: [Apache Tomcat/9.0.74]
2023-04-25 10:48:48.929  INFO 11816 --- [restartedMain] o.a.c.c.C.[Tomcat].[localhost].[/]       : Initializing Spring embedded WebApplicationContext
2023-04-25 10:48:48.929  INFO 11816 --- [restartedMain] w.s.c.ServletWebServerApplicationContext : Root WebApplicationContext: initialization completed in 2961 ms
2023-04-25 10:48:49.012  INFO 11816 --- [restartedMain] com.zaxxer.hikari.HikariDataSource       : HikariPool-1 - Starting...
2023-04-25 10:48:49.644  INFO 11816 --- [restartedMain] com.zaxxer.hikari.HikariDataSource       : HikariPool-1 - Start completed.
2023-04-25 10:48:49.673  INFO 11816 --- [restartedMain] o.s.b.a.h2.H2ConsoleAutoConfiguration    : H2 console available at '/h2-console'. Database available at 'jdbc:mysql://localhost:3306/Employee_Managment_System'
2023-04-25 10:48:50.080  INFO 11816 --- [restartedMain] o.hibernate.jpa.internal.util.LogHelper  : HHH000204: Processing PersistenceUnitInfo [name: default]
2023-04-25 10:48:50.225  INFO 11816 --- [restartedMain] org.hibernate.Version                    : HHH000412: Hibernate ORM core version 5.6.15.Final
2023-04-25 10:48:50.592  INFO 11816 --- [restartedMain] o.hibernate.annotations.common.Version   : HCANN000001: Hibernate Commons Annotations {5.1.2.Final}
2023-04-25 10:48:50.874  INFO 11816 --- [restartedMain] org.hibernate.dialect.Dialect            : HHH000400: Using dialect: org.hibernate.dialect.MySQL8Dialect
2023-04-25 10:48:51.938  INFO 11816 --- [restartedMain] o.h.e.t.j.p.i.JtaPlatformInitiator       : HHH000490: Using JtaPlatform implementation: [org.hibernate.engine.transaction.jta.platform.internal.NoJtaPlatform]
2023-04-25 10:48:51.953  INFO 11816 --- [restartedMain] j.LocalContainerEntityManagerFactoryBean : Initialized JPA EntityManagerFactory for persistence unit 'default'
2023-04-25 10:48:52.570  WARN 11816 --- [restartedMain] JpaBaseConfiguration$JpaWebConfiguration : spring.jpa.open-in-view is enabled by default. Therefore, database queries may be performed during view rendering. Explicitly configure spring.jpa.open-in-view to disable this warning
2023-04-25 10:48:54.573  INFO 11816 --- [restartedMain] o.s.b.d.a.OptionalLiveReloadServer       : LiveReload server is running on port 35729
2023-04-25 10:48:55.022  INFO 11816 --- [restartedMain] o.a.t.util.net.NioEndpoint.certificate   : Connector [https-jsse-nio-8484], TLS virtual host [_default_], certificate type [UNDEFINED] configured from [file:/C:/Users/Lenovo/Desktop/CapstoneProject/employee-managment-system/bin/main/capstone.p12] using alias [myalias] and with trust store [null]
2023-04-25 10:48:55.064  INFO 11816 --- [restartedMain] o.s.b.w.embedded.tomcat.TomcatWebServer  : Tomcat started on port(s): 8484 (https) with context path ''
2023-04-25 10:48:55.111  INFO 11816 --- [restartedMain] h.e.p.EmployeeManagmentSystemApplication : Started EmployeeManagmentSystemApplication in 10.298 seconds (JVM running for 11.631)
2023-04-25 10:49:45.819  INFO 11816 --- [https-jsse-nio-8484-exec-1] o.a.c.c.C.[Tomcat].[localhost].[/]       : Initializing Spring DispatcherServlet 'dispatcherServlet'
2023-04-25 10:49:45.820  INFO 11816 --- [https-jsse-nio-8484-exec-1] o.s.web.servlet.DispatcherServlet        : Initializing Servlet 'dispatcherServlet'
2023-04-25 10:49:45.822  INFO 11816 --- [https-jsse-nio-8484-exec-1] o.s.web.servlet.DispatcherServlet        : Completed initialization in 2 ms
2023-04-25 10:49:45.876  INFO 11816 --- [https-jsse-nio-8484-exec-1] c.h.e.p.controller.EmployeeController    : Getting user by ID: 1003 checking..............
2023-04-25 10:49:45.966  WARN 11816 --- [https-jsse-nio-8484-exec-1] .m.m.a.ExceptionHandlerExceptionResolver : Resolved [com.hdfc.ems.project.exception.InValidEmployeeIDException: Invalid EmployeeId : 1003]
2023-04-25 10:50:01.970  INFO 11816 --- [https-jsse-nio-8484-exec-3] c.h.e.p.controller.EmployeeController    : Getting user by ID: 16104 checking..............
2023-04-25 10:51:07.789  INFO 11816 --- [File Watcher] rtingClassPathChangeChangedEventListener : Restarting due to 1 class path change (0 additions, 0 deletions, 1 modification)
2023-04-25 10:51:07.839  INFO 11816 --- [Thread-5] o.apache.catalina.core.StandardService   : Stopping service [Tomcat]
2023-04-25 10:51:07.843  INFO 11816 --- [Thread-5] o.a.c.c.C.[Tomcat].[localhost].[/]       : Destroying Spring FrameworkServlet 'dispatcherServlet'
2023-04-25 10:51:07.897  INFO 11816 --- [Thread-5] j.LocalContainerEntityManagerFactoryBean : Closing JPA EntityManagerFactory for persistence unit 'default'
2023-04-25 10:51:07.907  INFO 11816 --- [Thread-5] com.zaxxer.hikari.HikariDataSource       : HikariPool-1 - Shutdown initiated...
2023-04-25 10:51:07.937  INFO 11816 --- [Thread-5] com.zaxxer.hikari.HikariDataSource       : HikariPool-1 - Shutdown completed.
2023-04-25 10:51:08.254  INFO 11816 --- [restartedMain] h.e.p.EmployeeManagmentSystemApplication : Starting EmployeeManagmentSystemApplication using Java 17.0.6 on DESKTOP-BPNARK5 with PID 11816 (C:\Users\Lenovo\Desktop\CapstoneProject\employee-managment-system\bin\main started by Naresh in C:\Users\Lenovo\Desktop\CapstoneProject\employee-managment-system)
2023-04-25 10:51:08.254  INFO 11816 --- [restartedMain] h.e.p.EmployeeManagmentSystemApplication : No active profile set, falling back to 1 default profile: "default"
2023-04-25 10:51:08.969  INFO 11816 --- [restartedMain] .s.d.r.c.RepositoryConfigurationDelegate : Bootstrapping Spring Data JPA repositories in DEFAULT mode.
2023-04-25 10:51:08.995  INFO 11816 --- [restartedMain] .s.d.r.c.RepositoryConfigurationDelegate : Finished Spring Data repository scanning in 26 ms. Found 1 JPA repository interfaces.
2023-04-25 10:51:09.115  INFO 11816 --- [restartedMain] trationDelegate$BeanPostProcessorChecker : Bean 'org.springframework.ws.config.annotation.DelegatingWsConfiguration' of type [org.springframework.ws.config.annotation.DelegatingWsConfiguration$$EnhancerBySpringCGLIB$$12d34022] is not eligible for getting processed by all BeanPostProcessors (for example: not eligible for auto-proxying)
2023-04-25 10:51:09.120  INFO 11816 --- [restartedMain] .w.s.a.s.AnnotationActionEndpointMapping : Supporting [WS-Addressing August 2004, WS-Addressing 1.0]
2023-04-25 10:51:09.265  INFO 11816 --- [restartedMain] o.s.b.w.embedded.tomcat.TomcatWebServer  : Tomcat initialized with port(s): 8484 (https)
2023-04-25 10:51:09.265  INFO 11816 --- [restartedMain] o.apache.catalina.core.StandardService   : Starting service [Tomcat]
2023-04-25 10:51:09.267  INFO 11816 --- [restartedMain] org.apache.catalina.core.StandardEngine  : Starting Servlet engine: [Apache Tomcat/9.0.74]
2023-04-25 10:51:09.324  INFO 11816 --- [restartedMain] o.a.c.c.C.[Tomcat].[localhost].[/]       : Initializing Spring embedded WebApplicationContext
2023-04-25 10:51:09.325  INFO 11816 --- [restartedMain] w.s.c.ServletWebServerApplicationContext : Root WebApplicationContext: initialization completed in 1062 ms
2023-04-25 10:51:09.356  INFO 11816 --- [restartedMain] com.zaxxer.hikari.HikariDataSource       : HikariPool-2 - Starting...
2023-04-25 10:51:09.405  INFO 11816 --- [restartedMain] com.zaxxer.hikari.HikariDataSource       : HikariPool-2 - Start completed.
2023-04-25 10:51:09.405  INFO 11816 --- [restartedMain] o.s.b.a.h2.H2ConsoleAutoConfiguration    : H2 console available at '/h2-console'. Database available at 'jdbc:mysql://localhost:3306/Employee_Managment_System'
2023-04-25 10:51:09.468  INFO 11816 --- [restartedMain] o.hibernate.jpa.internal.util.LogHelper  : HHH000204: Processing PersistenceUnitInfo [name: default]
2023-04-25 10:51:09.481  INFO 11816 --- [restartedMain] org.hibernate.dialect.Dialect            : HHH000400: Using dialect: org.hibernate.dialect.MySQL8Dialect
2023-04-25 10:51:09.589  INFO 11816 --- [restartedMain] o.h.e.t.j.p.i.JtaPlatformInitiator       : HHH000490: Using JtaPlatform implementation: [org.hibernate.engine.transaction.jta.platform.internal.NoJtaPlatform]
2023-04-25 10:51:09.591  INFO 11816 --- [restartedMain] j.LocalContainerEntityManagerFactoryBean : Initialized JPA EntityManagerFactory for persistence unit 'default'
2023-04-25 10:51:09.918  WARN 11816 --- [restartedMain] JpaBaseConfiguration$JpaWebConfiguration : spring.jpa.open-in-view is enabled by default. Therefore, database queries may be performed during view rendering. Explicitly configure spring.jpa.open-in-view to disable this warning
2023-04-25 10:51:11.274  INFO 11816 --- [restartedMain] o.s.b.d.a.OptionalLiveReloadServer       : LiveReload server is running on port 35729
2023-04-25 10:51:11.656  INFO 11816 --- [restartedMain] o.a.t.util.net.NioEndpoint.certificate   : Connector [https-jsse-nio-8484], TLS virtual host [_default_], certificate type [UNDEFINED] configured from [file:/C:/Users/Lenovo/Desktop/CapstoneProject/employee-managment-system/bin/main/capstone.p12] using alias [myalias] and with trust store [null]
2023-04-25 10:51:11.661  INFO 11816 --- [restartedMain] o.s.b.w.embedded.tomcat.TomcatWebServer  : Tomcat started on port(s): 8484 (https) with context path ''
2023-04-25 10:51:11.678  INFO 11816 --- [restartedMain] h.e.p.EmployeeManagmentSystemApplication : Started EmployeeManagmentSystemApplication in 3.611 seconds (JVM running for 148.197)
2023-04-25 10:51:11.695  INFO 11816 --- [restartedMain] .ConditionEvaluationDeltaLoggingListener : Condition evaluation unchanged
2023-04-25 11:22:28.583  INFO 11816 --- [https-jsse-nio-8484-exec-7] o.a.c.c.C.[Tomcat].[localhost].[/]       : Initializing Spring DispatcherServlet 'dispatcherServlet'
2023-04-25 11:22:28.585  INFO 11816 --- [https-jsse-nio-8484-exec-7] o.s.web.servlet.DispatcherServlet        : Initializing Servlet 'dispatcherServlet'
2023-04-25 11:22:28.589  INFO 11816 --- [https-jsse-nio-8484-exec-7] o.s.web.servlet.DispatcherServlet        : Completed initialization in 4 ms
2023-04-25 11:22:28.616  INFO 11816 --- [https-jsse-nio-8484-exec-7] c.h.e.p.controller.EmployeeController    : Getting user by ID: 16101 checking..............
2023-04-25 11:22:33.881  INFO 11816 --- [https-jsse-nio-8484-exec-8] c.h.e.p.controller.EmployeeController    : Getting user by ID: 161011 checking..............
2023-04-25 11:22:33.899  WARN 11816 --- [https-jsse-nio-8484-exec-8] .m.m.a.ExceptionHandlerExceptionResolver : Resolved [com.hdfc.ems.project.exception.InValidEmployeeIDException: Invalid EmployeeId : 161011]
2023-04-25 11:31:06.766  INFO 11816 --- [https-jsse-nio-8484-exec-5] c.h.e.p.controller.EmployeeController    : Getting user by ID: 16104 checking..............
2023-04-25 11:31:10.284  INFO 11816 --- [https-jsse-nio-8484-exec-6] c.h.e.p.controller.EmployeeController    : Getting user by ID: 161042 checking..............
2023-04-25 11:31:10.291  WARN 11816 --- [https-jsse-nio-8484-exec-6] .m.m.a.ExceptionHandlerExceptionResolver : Resolved [com.hdfc.ems.project.exception.InValidEmployeeIDException: Invalid EmployeeId : 161042]
2023-04-25 11:32:07.327  INFO 11816 --- [https-jsse-nio-8484-exec-2] c.h.e.p.controller.EmployeeController    : Getting user by ID: 16104 checking..............
2023-04-25 11:32:17.297  INFO 11816 --- [https-jsse-nio-8484-exec-4] c.h.e.p.controller.EmployeeController    : Getting user by ID: 161043 checking..............
2023-04-25 11:32:17.305  WARN 11816 --- [https-jsse-nio-8484-exec-4] .m.m.a.ExceptionHandlerExceptionResolver : Resolved [com.hdfc.ems.project.exception.InValidEmployeeIDException: Invalid EmployeeId : 161043]
2023-04-25 12:38:13.073  INFO 11816 --- [File Watcher] rtingClassPathChangeChangedEventListener : Restarting due to 1 class path change (1 addition, 0 deletions, 0 modifications)
2023-04-25 12:38:13.127  INFO 11816 --- [Thread-7] o.apache.catalina.core.StandardService   : Stopping service [Tomcat]
2023-04-25 12:38:13.131  INFO 11816 --- [Thread-7] o.a.c.c.C.[Tomcat].[localhost].[/]       : Destroying Spring FrameworkServlet 'dispatcherServlet'
2023-04-25 12:38:13.165  INFO 11816 --- [Thread-7] j.LocalContainerEntityManagerFactoryBean : Closing JPA EntityManagerFactory for persistence unit 'default'
2023-04-25 12:38:13.174  INFO 11816 --- [Thread-7] com.zaxxer.hikari.HikariDataSource       : HikariPool-2 - Shutdown initiated...
2023-04-25 12:38:13.183  INFO 11816 --- [Thread-7] com.zaxxer.hikari.HikariDataSource       : HikariPool-2 - Shutdown completed.
2023-04-25 12:38:13.563  INFO 11816 --- [restartedMain] h.e.p.EmployeeManagmentSystemApplication : Starting EmployeeManagmentSystemApplication using Java 17.0.6 on DESKTOP-BPNARK5 with PID 11816 (C:\Users\Lenovo\Desktop\CapstoneProject\employee-managment-system\bin\main started by Naresh in C:\Users\Lenovo\Desktop\CapstoneProject\employee-managment-system)
2023-04-25 12:38:13.563  INFO 11816 --- [restartedMain] h.e.p.EmployeeManagmentSystemApplication : No active profile set, falling back to 1 default profile: "default"
2023-04-25 12:38:14.192  INFO 11816 --- [restartedMain] .s.d.r.c.RepositoryConfigurationDelegate : Bootstrapping Spring Data JPA repositories in DEFAULT mode.
2023-04-25 12:38:14.214  INFO 11816 --- [restartedMain] .s.d.r.c.RepositoryConfigurationDelegate : Finished Spring Data repository scanning in 20 ms. Found 1 JPA repository interfaces.
2023-04-25 12:38:14.337  INFO 11816 --- [restartedMain] trationDelegate$BeanPostProcessorChecker : Bean 'org.springframework.ws.config.annotation.DelegatingWsConfiguration' of type [org.springframework.ws.config.annotation.DelegatingWsConfiguration$$EnhancerBySpringCGLIB$$12d34022] is not eligible for getting processed by all BeanPostProcessors (for example: not eligible for auto-proxying)
2023-04-25 12:38:14.342  INFO 11816 --- [restartedMain] .w.s.a.s.AnnotationActionEndpointMapping : Supporting [WS-Addressing August 2004, WS-Addressing 1.0]
2023-04-25 12:38:14.485  INFO 11816 --- [restartedMain] o.s.b.w.embedded.tomcat.TomcatWebServer  : Tomcat initialized with port(s): 8484 (https)
2023-04-25 12:38:14.486  INFO 11816 --- [restartedMain] o.apache.catalina.core.StandardService   : Starting service [Tomcat]
2023-04-25 12:38:14.487  INFO 11816 --- [restartedMain] org.apache.catalina.core.StandardEngine  : Starting Servlet engine: [Apache Tomcat/9.0.74]
2023-04-25 12:38:14.568  INFO 11816 --- [restartedMain] o.a.c.c.C.[Tomcat].[localhost].[/]       : Initializing Spring embedded WebApplicationContext
2023-04-25 12:38:14.568  INFO 11816 --- [restartedMain] w.s.c.ServletWebServerApplicationContext : Root WebApplicationContext: initialization completed in 996 ms
2023-04-25 12:38:14.593  INFO 11816 --- [restartedMain] com.zaxxer.hikari.HikariDataSource       : HikariPool-3 - Starting...
2023-04-25 12:38:14.626  INFO 11816 --- [restartedMain] com.zaxxer.hikari.HikariDataSource       : HikariPool-3 - Start completed.
2023-04-25 12:38:14.626  INFO 11816 --- [restartedMain] o.s.b.a.h2.H2ConsoleAutoConfiguration    : H2 console available at '/h2-console'. Database available at 'jdbc:mysql://localhost:3306/Employee_Managment_System'
2023-04-25 12:38:14.678  INFO 11816 --- [restartedMain] o.hibernate.jpa.internal.util.LogHelper  : HHH000204: Processing PersistenceUnitInfo [name: default]
2023-04-25 12:38:14.697  INFO 11816 --- [restartedMain] org.hibernate.dialect.Dialect            : HHH000400: Using dialect: org.hibernate.dialect.MySQL8Dialect
2023-04-25 12:38:14.778  INFO 11816 --- [restartedMain] o.h.e.t.j.p.i.JtaPlatformInitiator       : HHH000490: Using JtaPlatform implementation: [org.hibernate.engine.transaction.jta.platform.internal.NoJtaPlatform]
2023-04-25 12:38:14.779  INFO 11816 --- [restartedMain] j.LocalContainerEntityManagerFactoryBean : Initialized JPA EntityManagerFactory for persistence unit 'default'
2023-04-25 12:38:15.124  WARN 11816 --- [restartedMain] JpaBaseConfiguration$JpaWebConfiguration : spring.jpa.open-in-view is enabled by default. Therefore, database queries may be performed during view rendering. Explicitly configure spring.jpa.open-in-view to disable this warning
2023-04-25 12:38:16.271  INFO 11816 --- [restartedMain] o.s.b.d.a.OptionalLiveReloadServer       : LiveReload server is running on port 35729
2023-04-25 12:38:16.592  INFO 11816 --- [restartedMain] o.a.t.util.net.NioEndpoint.certificate   : Connector [https-jsse-nio-8484], TLS virtual host [_default_], certificate type [UNDEFINED] configured from [file:/C:/Users/Lenovo/Desktop/CapstoneProject/employee-managment-system/bin/main/capstone.p12] using alias [myalias] and with trust store [null]
2023-04-25 12:38:16.597  INFO 11816 --- [restartedMain] o.s.b.w.embedded.tomcat.TomcatWebServer  : Tomcat started on port(s): 8484 (https) with context path ''
2023-04-25 12:38:16.604  INFO 11816 --- [restartedMain] h.e.p.EmployeeManagmentSystemApplication : Started EmployeeManagmentSystemApplication in 3.184 seconds (JVM running for 6573.124)
2023-04-25 12:38:16.608  INFO 11816 --- [restartedMain] .ConditionEvaluationDeltaLoggingListener : Condition evaluation unchanged
2023-04-25 12:38:26.170  INFO 11816 --- [File Watcher] rtingClassPathChangeChangedEventListener : Restarting due to 1 class path change (0 additions, 1 deletion, 0 modifications)
2023-04-25 12:38:26.218  INFO 11816 --- [Thread-11] o.apache.catalina.core.StandardService   : Stopping service [Tomcat]
2023-04-25 12:38:26.228  INFO 11816 --- [Thread-11] j.LocalContainerEntityManagerFactoryBean : Closing JPA EntityManagerFactory for persistence unit 'default'
2023-04-25 12:38:26.229  INFO 11816 --- [Thread-11] com.zaxxer.hikari.HikariDataSource       : HikariPool-3 - Shutdown initiated...
2023-04-25 12:38:26.239  INFO 11816 --- [Thread-11] com.zaxxer.hikari.HikariDataSource       : HikariPool-3 - Shutdown completed.
2023-04-25 12:38:26.590  INFO 11816 --- [restartedMain] h.e.p.EmployeeManagmentSystemApplication : Starting EmployeeManagmentSystemApplication using Java 17.0.6 on DESKTOP-BPNARK5 with PID 11816 (C:\Users\Lenovo\Desktop\CapstoneProject\employee-managment-system\bin\main started by Naresh in C:\Users\Lenovo\Desktop\CapstoneProject\employee-managment-system)
2023-04-25 12:38:26.590  INFO 11816 --- [restartedMain] h.e.p.EmployeeManagmentSystemApplication : No active profile set, falling back to 1 default profile: "default"
2023-04-25 12:38:27.111  INFO 11816 --- [restartedMain] .s.d.r.c.RepositoryConfigurationDelegate : Bootstrapping Spring Data JPA repositories in DEFAULT mode.
2023-04-25 12:38:27.135  INFO 11816 --- [restartedMain] .s.d.r.c.RepositoryConfigurationDelegate : Finished Spring Data repository scanning in 23 ms. Found 1 JPA repository interfaces.
2023-04-25 12:38:27.242  INFO 11816 --- [restartedMain] trationDelegate$BeanPostProcessorChecker : Bean 'org.springframework.ws.config.annotation.DelegatingWsConfiguration' of type [org.springframework.ws.config.annotation.DelegatingWsConfiguration$$EnhancerBySpringCGLIB$$12d34022] is not eligible for getting processed by all BeanPostProcessors (for example: not eligible for auto-proxying)
2023-04-25 12:38:27.245  INFO 11816 --- [restartedMain] .w.s.a.s.AnnotationActionEndpointMapping : Supporting [WS-Addressing August 2004, WS-Addressing 1.0]
2023-04-25 12:38:27.319  INFO 11816 --- [restartedMain] o.s.b.w.embedded.tomcat.TomcatWebServer  : Tomcat initialized with port(s): 8484 (https)
2023-04-25 12:38:27.321  INFO 11816 --- [restartedMain] o.apache.catalina.core.StandardService   : Starting service [Tomcat]
2023-04-25 12:38:27.321  INFO 11816 --- [restartedMain] org.apache.catalina.core.StandardEngine  : Starting Servlet engine: [Apache Tomcat/9.0.74]
2023-04-25 12:38:27.384  INFO 11816 --- [restartedMain] o.a.c.c.C.[Tomcat].[localhost].[/]       : Initializing Spring embedded WebApplicationContext
2023-04-25 12:38:27.386  INFO 11816 --- [restartedMain] w.s.c.ServletWebServerApplicationContext : Root WebApplicationContext: initialization completed in 790 ms
2023-04-25 12:38:27.413  INFO 11816 --- [restartedMain] com.zaxxer.hikari.HikariDataSource       : HikariPool-4 - Starting...
2023-04-25 12:38:27.436  INFO 11816 --- [restartedMain] com.zaxxer.hikari.HikariDataSource       : HikariPool-4 - Start completed.
2023-04-25 12:38:27.436  INFO 11816 --- [restartedMain] o.s.b.a.h2.H2ConsoleAutoConfiguration    : H2 console available at '/h2-console'. Database available at 'jdbc:mysql://localhost:3306/Employee_Managment_System'
2023-04-25 12:38:27.504  INFO 11816 --- [restartedMain] o.hibernate.jpa.internal.util.LogHelper  : HHH000204: Processing PersistenceUnitInfo [name: default]
2023-04-25 12:38:27.518  INFO 11816 --- [restartedMain] org.hibernate.dialect.Dialect            : HHH000400: Using dialect: org.hibernate.dialect.MySQL8Dialect
2023-04-25 12:38:27.606  INFO 11816 --- [restartedMain] o.h.e.t.j.p.i.JtaPlatformInitiator       : HHH000490: Using JtaPlatform implementation: [org.hibernate.engine.transaction.jta.platform.internal.NoJtaPlatform]
2023-04-25 12:38:27.606  INFO 11816 --- [restartedMain] j.LocalContainerEntityManagerFactoryBean : Initialized JPA EntityManagerFactory for persistence unit 'default'
2023-04-25 12:38:27.856  WARN 11816 --- [restartedMain] JpaBaseConfiguration$JpaWebConfiguration : spring.jpa.open-in-view is enabled by default. Therefore, database queries may be performed during view rendering. Explicitly configure spring.jpa.open-in-view to disable this warning
2023-04-25 12:38:29.005  INFO 11816 --- [restartedMain] o.s.b.d.a.OptionalLiveReloadServer       : LiveReload server is running on port 35729
2023-04-25 12:38:29.298  INFO 11816 --- [restartedMain] o.a.t.util.net.NioEndpoint.certificate   : Connector [https-jsse-nio-8484], TLS virtual host [_default_], certificate type [UNDEFINED] configured from [file:/C:/Users/Lenovo/Desktop/CapstoneProject/employee-managment-system/bin/main/capstone.p12] using alias [myalias] and with trust store [null]
2023-04-25 12:38:29.303  INFO 11816 --- [restartedMain] o.s.b.w.embedded.tomcat.TomcatWebServer  : Tomcat started on port(s): 8484 (https) with context path ''
2023-04-25 12:38:29.314  INFO 11816 --- [restartedMain] h.e.p.EmployeeManagmentSystemApplication : Started EmployeeManagmentSystemApplication in 2.915 seconds (JVM running for 6585.833)
2023-04-25 12:38:29.316  INFO 11816 --- [restartedMain] .ConditionEvaluationDeltaLoggingListener : Condition evaluation unchanged
